<?xml version="1.0" encoding="UTF-8"?>
<!-- Generated by org.testng.reporters.JUnitXMLReporter -->
<testsuite ignored="0" hostname="ArunMotoori" failures="0" tests="7" name="Surefire test" time="40.592" errors="0" timestamp="2022-09-02T15:48:13 IST">
  <testcase classname="tests.LoginTest" name="loginWithValidCrendetials" time="1.311"/>
  <testcase classname="tests.LoginTest" name="loginWithInvalidCredentials" time="1.254"/>
  <testcase classname="tests.RegisterTest" name="registerWithMandatoryFields" time="1.918"/>
  <testcase classname="tests.RegisterTest" name="registerWithAllFields" time="2.385"/>
  <testcase classname="tests.SearchTest" name="searchWithValidProductName" time="0.618"/>
  <testcase classname="tests.SearchTest" name="searchWithInvalidProductName" time="0.556"/>
  <testcase classname="tests.SearchTest" name="searchByNotProvidingAnyProductName" time="0.466"/>
</testsuite> <!-- Surefire test -->
