<?xml version="1.0" encoding="UTF-8"?>
<testng-results ignored="0" total="9" passed="9" failed="0" skipped="0">
  <reporter-output>
  </reporter-output>
  <suite started-at="2022-09-06T12:30:41 IST" name="Suite" finished-at="2022-09-06T12:31:46 IST" duration-ms="64539">
    <groups>
      <group name="cucumber">
        <method signature="AbstractTestNGCucumberTests.runScenario(io.cucumber.testng.PickleWrapper,io.cucumber.testng.FeatureWrapper)[pri:0, instance:runner.MyRunner@34e9fd99]" name="runScenario" class="io.cucumber.testng.AbstractTestNGCucumberTests"/>
      </group> <!-- cucumber -->
    </groups>
    <test started-at="2022-09-06T12:30:41 IST" name="Test" finished-at="2022-09-06T12:31:46 IST" duration-ms="64539">
      <class name="runner.MyRunner">
        <test-method is-config="true" signature="setUpClass(org.testng.ITestContext)[pri:0, instance:runner.MyRunner@34e9fd99]" started-at="2022-09-06T12:30:41 IST" name="setUpClass" finished-at="2022-09-06T12:30:43 IST" duration-ms="1310" status="PASS">
          <params>
            <param index="0">
              <value>
                <![CDATA[org.testng.TestRunner@360d41d0]]>
              </value>
            </param>
          </params>
          <reporter-output>
          </reporter-output>
        </test-method> <!-- setUpClass -->
        <test-method signature="runScenario(io.cucumber.testng.PickleWrapper,io.cucumber.testng.FeatureWrapper)[pri:0, instance:runner.MyRunner@34e9fd99]" started-at="2022-09-06T12:30:43 IST" name="runScenario" description="Runs Cucumber Scenarios" data-provider="scenarios" finished-at="2022-09-06T12:30:59 IST" duration-ms="16701" status="PASS">
          <params>
            <param index="0">
              <value>
                <![CDATA["Login with valid credentials"]]>
              </value>
            </param>
            <param index="1">
              <value>
                <![CDATA["User Login"]]>
              </value>
            </param>
          </params>
          <reporter-output>
          </reporter-output>
        </test-method> <!-- runScenario -->
        <test-method signature="runScenario(io.cucumber.testng.PickleWrapper,io.cucumber.testng.FeatureWrapper)[pri:0, instance:runner.MyRunner@34e9fd99]" started-at="2022-09-06T12:30:59 IST" name="runScenario" description="Runs Cucumber Scenarios" data-provider="scenarios" finished-at="2022-09-06T12:31:04 IST" duration-ms="4597" status="PASS">
          <params>
            <param index="0">
              <value>
                <![CDATA["Login with invalid credentials"]]>
              </value>
            </param>
            <param index="1">
              <value>
                <![CDATA["User Login"]]>
              </value>
            </param>
          </params>
          <reporter-output>
          </reporter-output>
        </test-method> <!-- runScenario -->
        <test-method signature="runScenario(io.cucumber.testng.PickleWrapper,io.cucumber.testng.FeatureWrapper)[pri:0, instance:runner.MyRunner@34e9fd99]" started-at="2022-09-06T12:31:04 IST" name="runScenario" description="Runs Cucumber Scenarios" data-provider="scenarios" finished-at="2022-09-06T12:31:09 IST" duration-ms="4626" status="PASS">
          <params>
            <param index="0">
              <value>
                <![CDATA["Login with different user credetials"]]>
              </value>
            </param>
            <param index="1">
              <value>
                <![CDATA["User Login"]]>
              </value>
            </param>
          </params>
          <reporter-output>
          </reporter-output>
        </test-method> <!-- runScenario -->
        <test-method signature="runScenario(io.cucumber.testng.PickleWrapper,io.cucumber.testng.FeatureWrapper)[pri:0, instance:runner.MyRunner@34e9fd99]" started-at="2022-09-06T12:31:09 IST" name="runScenario" description="Runs Cucumber Scenarios" data-provider="scenarios" finished-at="2022-09-06T12:31:17 IST" duration-ms="8592" status="PASS">
          <params>
            <param index="0">
              <value>
                <![CDATA["Login with different user credetials"]]>
              </value>
            </param>
            <param index="1">
              <value>
                <![CDATA["User Login"]]>
              </value>
            </param>
          </params>
          <reporter-output>
          </reporter-output>
        </test-method> <!-- runScenario -->
        <test-method signature="runScenario(io.cucumber.testng.PickleWrapper,io.cucumber.testng.FeatureWrapper)[pri:0, instance:runner.MyRunner@34e9fd99]" started-at="2022-09-06T12:31:17 IST" name="runScenario" description="Runs Cucumber Scenarios" data-provider="scenarios" finished-at="2022-09-06T12:31:22 IST" duration-ms="4949" status="PASS">
          <params>
            <param index="0">
              <value>
                <![CDATA["Login with different user credetials"]]>
              </value>
            </param>
            <param index="1">
              <value>
                <![CDATA["User Login"]]>
              </value>
            </param>
          </params>
          <reporter-output>
          </reporter-output>
        </test-method> <!-- runScenario -->
        <test-method signature="runScenario(io.cucumber.testng.PickleWrapper,io.cucumber.testng.FeatureWrapper)[pri:0, instance:runner.MyRunner@34e9fd99]" started-at="2022-09-06T12:31:22 IST" name="runScenario" description="Runs Cucumber Scenarios" data-provider="scenarios" finished-at="2022-09-06T12:31:28 IST" duration-ms="5756" status="PASS">
          <params>
            <param index="0">
              <value>
                <![CDATA["Regiser an account by providing all fields"]]>
              </value>
            </param>
            <param index="1">
              <value>
                <![CDATA["Creating new account in the application as a User"]]>
              </value>
            </param>
          </params>
          <reporter-output>
          </reporter-output>
        </test-method> <!-- runScenario -->
        <test-method signature="runScenario(io.cucumber.testng.PickleWrapper,io.cucumber.testng.FeatureWrapper)[pri:0, instance:runner.MyRunner@34e9fd99]" started-at="2022-09-06T12:31:28 IST" name="runScenario" description="Runs Cucumber Scenarios" data-provider="scenarios" finished-at="2022-09-06T12:31:32 IST" duration-ms="4184" status="PASS">
          <params>
            <param index="0">
              <value>
                <![CDATA["Search for a valid product"]]>
              </value>
            </param>
            <param index="1">
              <value>
                <![CDATA["Search for Products"]]>
              </value>
            </param>
          </params>
          <reporter-output>
          </reporter-output>
        </test-method> <!-- runScenario -->
        <test-method signature="runScenario(io.cucumber.testng.PickleWrapper,io.cucumber.testng.FeatureWrapper)[pri:0, instance:runner.MyRunner@34e9fd99]" started-at="2022-09-06T12:31:32 IST" name="runScenario" description="Runs Cucumber Scenarios" data-provider="scenarios" finished-at="2022-09-06T12:31:39 IST" duration-ms="6787" status="PASS">
          <params>
            <param index="0">
              <value>
                <![CDATA["Search for an invalid product"]]>
              </value>
            </param>
            <param index="1">
              <value>
                <![CDATA["Search for Products"]]>
              </value>
            </param>
          </params>
          <reporter-output>
          </reporter-output>
        </test-method> <!-- runScenario -->
        <test-method signature="runScenario(io.cucumber.testng.PickleWrapper,io.cucumber.testng.FeatureWrapper)[pri:0, instance:runner.MyRunner@34e9fd99]" started-at="2022-09-06T12:31:39 IST" name="runScenario" description="Runs Cucumber Scenarios" data-provider="scenarios" finished-at="2022-09-06T12:31:46 IST" duration-ms="6796" status="PASS">
          <params>
            <param index="0">
              <value>
                <![CDATA["Search without providing any product details"]]>
              </value>
            </param>
            <param index="1">
              <value>
                <![CDATA["Search for Products"]]>
              </value>
            </param>
          </params>
          <reporter-output>
          </reporter-output>
        </test-method> <!-- runScenario -->
        <test-method is-config="true" signature="tearDownClass()[pri:0, instance:runner.MyRunner@34e9fd99]" started-at="2022-09-06T12:31:46 IST" name="tearDownClass" finished-at="2022-09-06T12:31:46 IST" duration-ms="109" status="PASS">
          <reporter-output>
          </reporter-output>
        </test-method> <!-- tearDownClass -->
      </class> <!-- runner.MyRunner -->
    </test> <!-- Test -->
  </suite> <!-- Suite -->
</testng-results>
